make all --print-data-base --no-builtin-variables --no-builtin-rules --question
# GNU Make 4.3
# Built for x86_64-pc-linux-gnu
# Copyright (C) 1988-2020 Free Software Foundation, Inc.
# License GPLv3+: GNU GPL version 3 or later <http://gnu.org/licenses/gpl.html>
# This is free software: you are free to change and redistribute it.
# There is NO WARRANTY, to the extent permitted by law.

# Make data base, printed on Tue Nov  2 16:06:09 2021

# Variables

# environment
JAVA_HOME = /usr/lib/jvm/java-8-openjdk
# environment
GDK_BACKEND = x11
# environment
LC_ALL = C
# environment
NO_AT_BRIDGE = 1
# makefile (from 'Makefile', line 8)
PGK_NAME = jossoappi
# environment
VSCODE_IPC_HOOK_EXTHOST = /run/user/1000/vscode-ipc-3a62aa97-8c00-4261-9522-1a3a085cd8ab.sock
# environment
LC_NAME = en_US.UTF-8
# environment
LC_NUMERIC = en_US.UTF-8
# environment
VSCODE_CWD = /home/sgonzalez
# environment
LC_ADDRESS = en_US.UTF-8
# default
MAKE_COMMAND := make
# environment
GTK3_MODULES = xapp-gtk3-module
# environment
GOPATH = /home/sgonzalez/wa/git/go
# automatic
@D = $(patsubst %/,%,$(dir $@))
# environment
VSCODE_HANDLES_UNCAUGHT_ERRORS = true
# default
.VARIABLES := 
# environment
PWD = /wa/git/go/src/josso-api-go
# automatic
%D = $(patsubst %/,%,$(dir $%))
# environment
LSCOLORS = Gxfxcxdxbxegedabagacad
# environment
MAIL = /var/spool/mail/sgonzalez
# environment
XDG_DATA_DIRS = /home/sgonzalez/.local/share/flatpak/exports/share:/var/lib/flatpak/exports/share:/usr/local/share:/usr/share:/var/lib/snapd/desktop
# environment
OLDPWD = /home/sgonzalez
# automatic
^D = $(patsubst %/,%,$(dir $^))
# environment
VSCODE_LOG_STACK = false
# automatic
%F = $(notdir $%)
# environment
VSCODE_CODE_CACHE_PATH = /home/sgonzalez/.config/Code/CachedData/6cba118ac49a1b88332f312a8f67186f7f3c1643
# environment
XDG_SESSION_PATH = /org/freedesktop/DisplayManager/Session1
# environment
LANG = C
# environment
XAUTHORITY = /home/sgonzalez/.Xauthority
# default
.LOADED := 
# default
.INCLUDE_DIRS = /usr/include /usr/local/include /usr/include
# environment
JOSSO_API_SECRET = 7oUHlv(HLT%vxK4L
# makefile
MAKEFLAGS = pqrR
# makefile
CURDIR := /wa/git/go/src/josso-api-go
# environment
VSCODE_PIPE_LOGGING = true
# environment
JOSSO_API_PASSWORD = atricore
# environment
APPLICATION_INSIGHTS_NO_DIAGNOSTIC_CHANNEL = true
# environment
JPDA_OPTS = -agentlib:jdwp=transport=dt_socket,address=8000,server=y,suspend=n
# automatic
*D = $(patsubst %/,%,$(dir $*))
# environment
MFLAGS = -pqrR
# default
.SHELLFLAGS := -c
# automatic
+D = $(patsubst %/,%,$(dir $+))
# environment
P9K_SSH = 0
# environment
XDG_SESSION_DESKTOP = 
# environment
VSCODE_CRASH_REPORTER_START_OPTIONS = {"companyName":"Microsoft","productName":"VSCode","submitURL":"appcenter://code?aid=fba07a4d-84bd-4fc8-a125-9640fc8ce171&uid=db4c294d-ca49-43af-a824-42cd80904202&iid=db4c294d-ca49-43af-a824-42cd80904202&sid=db4c294d-ca49-43af-a824-42cd80904202","uploadToServer":true}
# makefile (from 'Makefile', line 1)
MAKEFILE_LIST := Makefile
# automatic
@F = $(notdir $@)
# environment
ZSH = /usr/share/oh-my-zsh/
# environment
VSCODE_VERBOSE_LOGGING = true
# environment
VSCODE_PID = 740264
# environment
XDG_SESSION_TYPE = x11
# automatic
?D = $(patsubst %/,%,$(dir $?))
# automatic
*F = $(notdir $*)
# environment
JOSSO_API_ENDPOINT = http://localhost:8081/atricore-rest/services
# environment
QT_QPA_PLATFORMTHEME = qt5ct
# environment
CHROME_DESKTOP = code-url-handler.desktop
# environment
DBUS_SESSION_BUS_ADDRESS = unix:path=/run/user/1000/bus
# automatic
<D = $(patsubst %/,%,$(dir $<))
# environment
VSCODE_NLS_CONFIG = {"locale":"en-us","availableLanguages":{},"_languagePackSupport":true}
# environment
BREAKPAD_DUMP_LOCATION = /home/sgonzalez/.config/Code/exthost Crash Reports
# default
MAKE_HOST := x86_64-pc-linux-gnu
# makefile
SHELL = /bin/sh
# default
MAKECMDGOALS := all
# environment
SHLVL = 0
# environment
MAKELEVEL := 0
# default
MAKE = $(MAKE_COMMAND)
# environment
PATH = /opt/atricore/tools/bin:/usr/lib/jvm/java-8-openjdk/bin:/opt/atricore/tools/apache-maven-3.5.4/bin:/home/sgonzalez/.cargo/bin:/opt/atricore/tools/go/bin:/opt/atricore/tools/hcp/bin:/opt/atricore/tools/OpenAPITools/git/openapi-generator/bin:/home/sgonzalez/bin:/home/sgonzalez/.bin:/usr/local/sbin:/usr/local/bin:/usr/bin:/usr/lib/jvm/default/bin:/usr/bin/site_perl:/usr/bin/vendor_perl:/usr/bin/core_perl:/var/lib/snapd/snap/bin:/usr/lib/jvm/default/bin
# default
MAKEFILES := 
# environment
LC_MONETARY = en_US.UTF-8
# environment
MOTD_SHOWN = pam
# automatic
^F = $(notdir $^)
# environment
LC_TIME = en_US.UTF-8
# environment
VSCODE_LOG_NATIVE = false
# environment
LINES = 24
# environment
GOPRIVATE = github.com/atricore/josso-api-go,github.com/atricore/josso-sdk-go
# environment
LC_TELEPHONE = en_US.UTF-8
# automatic
?F = $(notdir $?)
# environment
XDG_SEAT = seat0
# environment
XDG_CURRENT_DESKTOP = 
# environment
WEBLOGIC_10_HOME = /opt/atricore/3rdparty/weblogic/10
# environment
LS_COLORS = 
# environment
MAVEN_OPTS = -Xmx4096m -XX:MaxPermSize=256m -Dmaven.test.skip=true
# automatic
+F = $(notdir $+)
# environment
XDG_SEAT_PATH = /org/freedesktop/DisplayManager/Seat0
# environment
LESS = -R
# environment
DESKTOP_SESSION = qtile
# environment
WEBLOGIC_12_HOME = /opt/atricore/3rdparty/weblogic/12
# environment
ORIGINAL_XDG_CURRENT_DESKTOP = 
# 'override' directive
GNUMAKEFLAGS := 
# environment
JOSSO_API_CLIENT_ID = idbus-f2f7244e-bbce-44ca-8b33-f5c0bde339f7
# environment
WEBLOGIC_9_2_HOME = /opt/atricore/3rdparty/weblogic/9.2
# environment
LOGNAME = sgonzalez
# environment
XDG_VTNR = 1
# makefile
.DEFAULT_GOAL := default
# environment
HISTCONTROL = ignoreboth:erasedups
# environment
EDITOR = nano
# environment
DISPLAY = :0
# environment
GTK_MODULES = canberra-gtk-module
# environment
USER = sgonzalez
# default
MAKE_VERSION := 4.3
# environment
LC_MEASUREMENT = en_US.UTF-8
# environment
JOSSO_API_USERNAME = admin
# environment
PAGER = less
# environment
_ = /usr/bin/make
# environment
LC_PAPER = en_US.UTF-8
# environment
XDG_RUNTIME_DIR = /run/user/1000
# makefile (from 'Makefile', line 1)
GENERATOR = /opt/atricore/tools/openapi-generator-cli/openapi-generator-cli.sh
# environment
GOMODCACHE = /home/sgonzalez/wa/git/go/pkg/mod
# environment
VISUAL = nano
# environment
XDG_SESSION_CLASS = user
# environment
VSCODE_AMD_ENTRYPOINT = vs/workbench/services/extensions/node/extensionHostProcess
# environment
HOME = /home/sgonzalez
# environment
ELECTRON_RUN_AS_NODE = 1
# environment
VSCODE_IPC_HOOK = /run/user/1000/vscode-1af84b18-1.61.2-main.sock
# environment
XDG_SESSION_ID = 2
# environment
GOPROXY = https://proxy.golang.org,direct
# default
.RECIPEPREFIX := 
# automatic
<F = $(notdir $<)
# environment
COLUMNS = 80
# default
SUFFIXES := 
# default
.FEATURES := target-specific order-only second-expansion else-if shortest-stem undefine oneshell nocomment grouped-target extra-prereqs archives jobserver output-sync check-symlink guile load
# makefile (from 'Makefile', line 6)
SWAGGER_FILE = ./console-api-1.4.3-SNAPSHOT-swagger.json
# environment
WEBLOGIC_14_HOME = /opt/atricore/3rdparty/weblogic/14
# environment
LC_IDENTIFICATION = en_US.UTF-8
# variable set hash-table stats:
# Load=124/1024=12%, Rehash=0, Collisions=10/154=6%

# Pattern-specific Variable Values

# No pattern-specific variable values.

# Directories

# . (device 2065, inode 9188680): 160 files, no impossibilities.

# 160 files, no impossibilities in 1 directories.

# Implicit Rules

# No implicit rules.

# Files

generate:
#  Implicit rule search has not been done.
#  Modification time never checked.
#  File has not been updated.
#  recipe to execute (from 'Makefile', line 23):
	$(GENERATOR) generate -i $(SWAGGER_FILE) -g go -o . --additional-properties=packageName=$(PGK_NAME) --additional-properties=disallowAdditionalPropertiesIfNotPresent=false --git-repo-id=josso-api-go --git-user-id=atricore

default: build
#  Implicit rule search has not been done.
#  Modification time never checked.
#  File has not been updated.

# Not a target:
Makefile:
#  Implicit rule search has been done.
 
make: *** No rule to make target 'all'.  Stop.
 
#  Last modified 2021-09-30 15:55:52.607027753
#  File has been updated.
#  Successfully updated.

dep:
#  Implicit rule search has not been done.
#  Modification time never checked.
#  File has not been updated.
#  recipe to execute (from 'Makefile', line 16):
	go mod tidy
	go mod vendor

# Not a target:
.DEFAULT:
#  Implicit rule search has not been done.
#  Modification time never checked.
#  File has not been updated.

# Not a target:
all:
#  Command line target.
#  Implicit rule search has been done.
#  File does not exist.
#  File has not been updated.

build:
#  Implicit rule search has not been done.
#  Modification time never checked.
#  File has not been updated.
#  recipe to execute (from 'Makefile', line 13):
	go install

test:
#  Implicit rule search has not been done.
#  Modification time never checked.
#  File has not been updated.
#  recipe to execute (from 'Makefile', line 20):
	go test

# files hash-table stats:
# Load=9/1024=1%, Rehash=0, Collisions=0/21=0%
# VPATH Search Paths

# No 'vpath' search paths.

# No general ('VPATH' variable) search path.

# strcache buffers: 1 (0) / strings = 170 / storage = 4609 B / avg = 27 B
# current buf: size = 8162 B / used = 4609 B / count = 170 / avg = 27 B

# strcache performance: lookups = 180 / hit rate = 5%
# hash-table stats:
# Load=170/8192=2%, Rehash=0, Collisions=2/180=1%
# Finished Make data base on Tue Nov  2 16:06:09 2021

 
